app/build/intermediates/manifest_merge_blame_file/debug/manifest-merger-blame-debug-report.txt
1<?xml version="1.0" encoding="utf-8"?>
2<manifest xmlns:android="http://schemas.android.com/apk/res/android"
3    xmlns:dist="http://schemas.android.com/apk/distribution"
4    package="com.illuminator.kotlintest"
5    android:versionCode="1"
6    android:versionName="1.0" >
7
8    <uses-sdk
9        android:minSdkVersion="18"
9-->src\main\AndroidManifest.xml
10        android:targetSdkVersion="28" />
10-->src\main\AndroidManifest.xml
11
12    <dist:module dist:instant="true" />
12-->src\main\AndroidManifest.xml:6:5-40
12-->src\main\AndroidManifest.xml:6:18-37
13
14    <application
14-->src\main\AndroidManifest.xml:8:5-29:19
15        android:allowBackup="true"
15-->src\main\AndroidManifest.xml:9:13-39
16        android:appComponentFactory="androidx.core.app.CoreComponentFactory"
16-->[androidx.core:core:1.0.2] AndroidManifest.xml:22:18-86
17        android:debuggable="true"
18        android:icon="@mipmap/ic_launcher"
18-->src\main\AndroidManifest.xml:10:13-47
19        android:label="@string/app_name"
19-->src\main\AndroidManifest.xml:11:13-45
20        android:roundIcon="@mipmap/ic_launcher_round"
20-->src\main\AndroidManifest.xml:12:13-58
21        android:supportsRtl="true"
21-->src\main\AndroidManifest.xml:13:13-39
22        android:theme="@style/AppTheme" >
22-->src\main\AndroidManifest.xml:14:13-44
23        <activity android:name="com.illuminator.kotlintest.copy.CopyActivity" />
23-->src\main\AndroidManifest.xml:15:9-54
23-->src\main\AndroidManifest.xml:15:19-52
24        <activity android:name="com.illuminator.kotlintest.chat.ChatActivity" />
24-->src\main\AndroidManifest.xml:16:9-55
24-->src\main\AndroidManifest.xml:16:19-52
25        <activity android:name="com.illuminator.kotlintest.main.KotlinTestActivity" />
25-->src\main\AndroidManifest.xml:17:9-61
25-->src\main\AndroidManifest.xml:17:19-58
26        <activity android:name="com.illuminator.kotlintest.main.TestActivity" >
26-->src\main\AndroidManifest.xml:18:9-24:20
26-->src\main\AndroidManifest.xml:18:19-52
27            <intent-filter>
27-->src\main\AndroidManifest.xml:19:13-23:29
28                <action android:name="android.intent.action.MAIN" />
28-->src\main\AndroidManifest.xml:20:17-69
28-->src\main\AndroidManifest.xml:20:25-66
29
30                <category android:name="android.intent.category.LAUNCHER" />
30-->src\main\AndroidManifest.xml:22:17-77
30-->src\main\AndroidManifest.xml:22:27-74
31            </intent-filter>
32        </activity>
33
34        <meta-data
34-->src\main\AndroidManifest.xml:26:9-28:61
35            android:name="preloaded_fonts"
35-->src\main\AndroidManifest.xml:27:17-47
36            android:resource="@array/preloaded_fonts" />
36-->src\main\AndroidManifest.xml:28:17-58
37
38        <provider
38-->[androidx.lifecycle:lifecycle-process:2.0.0] AndroidManifest.xml:23:9-27:43
39            android:name="androidx.lifecycle.ProcessLifecycleOwnerInitializer"
39-->[androidx.lifecycle:lifecycle-process:2.0.0] AndroidManifest.xml:24:13-79
40            android:authorities="com.illuminator.kotlintest.lifecycle-process"
40-->[androidx.lifecycle:lifecycle-process:2.0.0] AndroidManifest.xml:25:13-69
41            android:exported="false"
41-->[androidx.lifecycle:lifecycle-process:2.0.0] AndroidManifest.xml:26:13-37
42            android:multiprocess="true" />
42-->[androidx.lifecycle:lifecycle-process:2.0.0] AndroidManifest.xml:27:13-40
43    </application>
44
45</manifest>